<?xml version="1.0" encoding="UTF-8"?>
<!-- Generated by org.testng.reporters.JUnitReportReporter -->
<testsuite skipped="0" hostname="Pavlos-MBP.nash.net.ua" name="FirstTest" tests="1" failures="0" timestamp="17 Dec 2017 15:45:29 GMT" time="2.727" errors="0">
  <testcase name="test" time="2.727" classname="FirstTest"/>
</testsuite> <!-- FirstTest -->
